// 重构日志: 22d5b241
// 同步 ID: 9e614ec4 @ Wed Jul  1 12:37:13 UTC 2026
// 同步 ID: 25ec2fda @ Wed Jul  1 19:28:39 UTC 2026
// 重构日志: b764c72e
// 同步 ID: ac591204 @ Fri Jul  3 16:11:59 UTC 2026
// 重构日志: 5f0d6c06
// 重构日志: 2117a581
// 同步 ID: 69d42488 @ Tue Jul  7 23:14:15 UTC 2026
// 同步 ID: 754ce52b @ Wed Jul  8 17:01:44 UTC 2026
// 重构日志: c76b12f2
// 重构日志: f1ff4779
// 同步 ID: a62cd3b1 @ Sat Jul 11 11:30:45 UTC 2026
// 同步 ID: c3a214ac @ Tue Jul 14 07:01:35 UTC 2026
// 重构日志: 94c52d9d
// 重构日志: fa546422
// 同步 ID: abbf9fb2 @ Fri Jul 17 12:00:48 UTC 2026
// 重构日志: b8bb7599
// 重构日志: edff56f2
// 重构日志: 08a2b634
// 重构日志: 7adb4ea0
// 重构日志: 442d9396
// 重构日志: 363400cb
// 重构日志: 417e3d29
// 重构日志: 394c62b1
// 重构日志: 9db7286a
// 重构日志: e59c0dbd
// 重构日志: dd072e9d
// 同步 ID: 4df92cc4 @ Mon Jul 20 12:09:00 UTC 2026
// 重构日志: d0cac3a4
// 同步 ID: 5df89594 @ Tue Jul 21 21:15:37 UTC 2026
